#
# There is insufficient memory for the Java Runtime Environment to continue.
# Native memory allocation (malloc) failed to allocate 260112 bytes for Chunk::new
# Possible reasons:
#   The system is out of physical RAM or swap space
#   The process is running with CompressedOops enabled, and the Java Heap may be blocking the growth of the native heap
# Possible solutions:
#   Reduce memory load on the system
#   Increase physical memory or swap space
#   Check if swap backing store is full
#   Decrease Java heap size (-Xmx/-Xms)
#   Decrease number of Java threads
#   Decrease Java thread stack sizes (-Xss)
#   Set larger code cache with -XX:ReservedCodeCacheSize=
#   JVM is running with Unscaled Compressed Oops mode in which the Java heap is
#     placed in the first 4GB address space. The Java Heap base address is the
#     maximum limit for the native heap growth. Please use -XX:HeapBaseMinAddress
#     to set the Java Heap base and to place the Java Heap above 4GB virtual address.
# This output file may be truncated or incomplete.
#
#  Out of Memory Error (allocation.cpp:389), pid=19128, tid=0x0000000000000f54
#
# JRE version: OpenJDK Runtime Environment (8.0_322-b06) (build 1.8.0_322-b06)
# Java VM: OpenJDK 64-Bit Server VM (25.322-b06 mixed mode windows-amd64 compressed oops)
# Failed to write core dump. Minidumps are not enabled by default on client versions of Windows
#

---------------  T H R E A D  ---------------

Current thread (0x000001c2784c2000):  JavaThread "C2 CompilerThread2" daemon [_thread_in_native, id=3924, stack(0x000000845c300000,0x000000845c400000)]

Stack: [0x000000845c300000,0x000000845c400000]
[error occurred during error reporting (printing stack bounds), id 0xc0000005]

Native frames: (J=compiled Java code, j=interpreted, Vv=VM code, C=native code)


Current CompileTask:
C2:   2158 1180   !   4       java.lang.ClassLoader::loadClass (122 bytes)


---------------  P R O C E S S  ---------------

Java Threads: ( => current thread )
  0x000001c27856e000 JavaThread "Service Thread" daemon [_thread_blocked, id=7424, stack(0x000000845c500000,0x000000845c600000)]
  0x000001c2784ca800 JavaThread "C1 CompilerThread3" daemon [_thread_blocked, id=19352, stack(0x000000845c400000,0x000000845c500000)]
=>0x000001c2784c2000 JavaThread "C2 CompilerThread2" daemon [_thread_in_native, id=3924, stack(0x000000845c300000,0x000000845c400000)]
  0x000001c2784bd000 JavaThread "C2 CompilerThread1" daemon [_thread_in_native, id=3260, stack(0x000000845c200000,0x000000845c300000)]
  0x000001c2784b7000 JavaThread "C2 CompilerThread0" daemon [_thread_in_native, id=16772, stack(0x000000845c100000,0x000000845c200000)]
  0x000001c2784ad800 JavaThread "Monitor Ctrl-Break" daemon [_thread_in_native, id=2168, stack(0x000000845c000000,0x000000845c100000)]
  0x000001c2760ae800 JavaThread "Attach Listener" daemon [_thread_blocked, id=4912, stack(0x000000845bf00000,0x000000845c000000)]
  0x000001c278473800 JavaThread "Signal Dispatcher" daemon [_thread_blocked, id=9624, stack(0x000000845be00000,0x000000845bf00000)]
  0x000001c276079000 JavaThread "Finalizer" daemon [_thread_blocked, id=12056, stack(0x000000845bd00000,0x000000845be00000)]
  0x000001c276071000 JavaThread "Reference Handler" daemon [_thread_blocked, id=5804, stack(0x000000845bc00000,0x000000845bd00000)]
  0x000001c2722a2000 JavaThread "main" [_thread_in_vm, id=7652, stack(0x000000845b000000,0x000000845b100000)]

Other Threads:
  0x000001c276048800 VMThread [stack: 0x000000845bb00000,0x000000845bc00000] [id=5060]
  0x000001c278578000 WatcherThread [stack: 0x000000845c600000,0x000000845c700000] [id=2600]

VM state:not at safepoint (normal execution)

VM Mutex/Monitor currently owned by a thread: None

heap address: 0x00000000e0000000, size: 512 MB, Compressed Oops mode: 32-bit
Narrow klass base: 0x0000000000000000, Narrow klass shift: 3
Compressed class space size: 1073741824 Address: 0x0000000100000000

Heap:
 PSYoungGen      total 38400K, used 20996K [0x00000000f5580000, 0x00000000f8000000, 0x0000000100000000)
  eden space 33280K, 47% used [0x00000000f5580000,0x00000000f6506b58,0x00000000f7600000)
  from space 5120K, 99% used [0x00000000f7b00000,0x00000000f7ffa650,0x00000000f8000000)
  to   space 5120K, 0% used [0x00000000f7600000,0x00000000f7600000,0x00000000f7b00000)
 ParOldGen       total 87552K, used 1965K [0x00000000e0000000, 0x00000000e5580000, 0x00000000f5580000)
  object space 87552K, 2% used [0x00000000e0000000,0x00000000e01eb620,0x00000000e5580000)
 Metaspace       used 12955K, capacity 13150K, committed 13568K, reserved 1064960K
  class space    used 1594K, capacity 1672K, committed 1792K, reserved 1048576K

Card table byte_map: [0x000001c274310000,0x000001c274420000] byte_map_base: 0x000001c273c10000

Marking Bits: (ParMarkBitMap*) 0x00000000748b7860
 Begin Bits: [0x000001c2744d0000, 0x000001c274cd0000)
 End Bits:   [0x000001c274cd0000, 0x000001c2754d0000)

Polling page: 0x000001c272250000

CodeCache: size=245760Kb used=4554Kb max_used=4559Kb free=241205Kb
 bounds [0x000001c200000000, 0x000001c200480000, 0x000001c20f000000]
 total_blobs=1540 nmethods=1192 adapters=260
 compilation: enabled

Compilation events (10 events):
Event: 2.153 Thread 0x000001c2784ca800 1190       3       com.google.inject.spi.DefaultElementVisitor::visit (6 bytes)
Event: 2.153 Thread 0x000001c2784ca800 nmethod 1190 0x000001c2004746d0 code [0x000001c200474840, 0x000001c200474a50]
Event: 2.153 Thread 0x000001c2784b7000 nmethod 1191 0x000001c200472f50 code [0x000001c200473080, 0x000001c200473118]
Event: 2.155 Thread 0x000001c2784ca800 1192       3       java.io.OutputStream::<init> (5 bytes)
Event: 2.155 Thread 0x000001c2784b7000 1193       4       java.util.ArrayList$Itr::next (66 bytes)
Event: 2.155 Thread 0x000001c2784ca800 nmethod 1192 0x000001c200472b50 code [0x000001c200472cc0, 0x000001c200472e78]
Event: 2.155 Thread 0x000001c2784ca800 1194       3       sun.misc.ProxyGenerator::getParameterDescriptors (47 bytes)
Event: 2.156 Thread 0x000001c2784b7000 nmethod 1193 0x000001c200472790 code [0x000001c2004728e0, 0x000001c2004729f8]
Event: 2.156 Thread 0x000001c2784b7000 1195  s    4       java.io.DataOutputStream::write (14 bytes)
Event: 2.156 Thread 0x000001c2784ca800 nmethod 1194 0x000001c200476e10 code [0x000001c200477060, 0x000001c200477e40]

GC Heap History (4 events):
Event: 1.822 GC heap before
{Heap before GC invocations=1 (full 0):
 PSYoungGen      total 38400K, used 33280K [0x00000000f5580000, 0x00000000f8000000, 0x0000000100000000)
  eden space 33280K, 100% used [0x00000000f5580000,0x00000000f7600000,0x00000000f7600000)
  from space 5120K, 0% used [0x00000000f7b00000,0x00000000f7b00000,0x00000000f8000000)
  to   space 5120K, 0% used [0x00000000f7600000,0x00000000f7600000,0x00000000f7b00000)
 ParOldGen       total 87552K, used 0K [0x00000000e0000000, 0x00000000e5580000, 0x00000000f5580000)
  object space 87552K, 0% used [0x00000000e0000000,0x00000000e0000000,0x00000000e5580000)
 Metaspace       used 8792K, capacity 8956K, committed 9088K, reserved 1056768K
  class space    used 1038K, capacity 1112K, committed 1152K, reserved 1048576K
Event: 1.825 GC heap after
Heap after GC invocations=1 (full 0):
 PSYoungGen      total 38400K, used 5102K [0x00000000f5580000, 0x00000000f8000000, 0x0000000100000000)
  eden space 33280K, 0% used [0x00000000f5580000,0x00000000f5580000,0x00000000f7600000)
  from space 5120K, 99% used [0x00000000f7600000,0x00000000f7afbae8,0x00000000f7b00000)
  to   space 5120K, 0% used [0x00000000f7b00000,0x00000000f7b00000,0x00000000f8000000)
 ParOldGen       total 87552K, used 343K [0x00000000e0000000, 0x00000000e5580000, 0x00000000f5580000)
  object space 87552K, 0% used [0x00000000e0000000,0x00000000e0055f48,0x00000000e5580000)
 Metaspace       used 8792K, capacity 8956K, committed 9088K, reserved 1056768K
  class space    used 1038K, capacity 1112K, committed 1152K, reserved 1048576K
}
Event: 2.044 GC heap before
{Heap before GC invocations=2 (full 0):
 PSYoungGen      total 38400K, used 38382K [0x00000000f5580000, 0x00000000f8000000, 0x0000000100000000)
  eden space 33280K, 100% used [0x00000000f5580000,0x00000000f7600000,0x00000000f7600000)
  from space 5120K, 99% used [0x00000000f7600000,0x00000000f7afbae8,0x00000000f7b00000)
  to   space 5120K, 0% used [0x00000000f7b00000,0x00000000f7b00000,0x00000000f8000000)
 ParOldGen       total 87552K, used 343K [0x00000000e0000000, 0x00000000e5580000, 0x00000000f5580000)
  object space 87552K, 0% used [0x00000000e0000000,0x00000000e0055f48,0x00000000e5580000)
 Metaspace       used 11463K, capacity 11566K, committed 11776K, reserved 1058816K
  class space    used 1372K, capacity 1446K, committed 1536K, reserved 1048576K
Event: 2.047 GC heap after
Heap after GC invocations=2 (full 0):
 PSYoungGen      total 38400K, used 5097K [0x00000000f5580000, 0x00000000f8000000, 0x0000000100000000)
  eden space 33280K, 0% used [0x00000000f5580000,0x00000000f5580000,0x00000000f7600000)
  from space 5120K, 99% used [0x00000000f7b00000,0x00000000f7ffa650,0x00000000f8000000)
  to   space 5120K, 0% used [0x00000000f7600000,0x00000000f7600000,0x00000000f7b00000)
 ParOldGen       total 87552K, used 1965K [0x00000000e0000000, 0x00000000e5580000, 0x00000000f5580000)
  object space 87552K, 2% used [0x00000000e0000000,0x00000000e01eb620,0x00000000e5580000)
 Metaspace       used 11463K, capacity 11566K, committed 11776K, reserved 1058816K
  class space    used 1372K, capacity 1446K, committed 1536K, reserved 1048576K
}

Deoptimization events (9 events):
Event: 1.796 Thread 0x000001c2722a2000 Uncommon trap: reason=unstable_if action=reinterpret pc=0x000001c200228864 method=org.codehaus.plexus.util.xml.pull.MXParser.more()C @ 8
Event: 1.817 Thread 0x000001c2722a2000 Uncommon trap: reason=unstable_if action=reinterpret pc=0x000001c2002fe7fc method=sun.nio.cs.StreamDecoder.implRead([CII)I @ 71
Event: 1.818 Thread 0x000001c2722a2000 Uncommon trap: reason=unstable_if action=reinterpret pc=0x000001c200308dac method=sun.nio.cs.StreamDecoder.implRead([CII)I @ 71
Event: 1.849 Thread 0x000001c2722a2000 Uncommon trap: reason=unstable_if action=reinterpret pc=0x000001c200301eec method=java.io.Reader.read()I @ 12
Event: 1.851 Thread 0x000001c2722a2000 Uncommon trap: reason=unstable_if action=reinterpret pc=0x000001c20032aeb8 method=org.codehaus.plexus.util.xml.pull.MXParser.nextImpl()I @ 241
Event: 1.852 Thread 0x000001c2722a2000 Uncommon trap: reason=unstable_if action=reinterpret pc=0x000001c20031dfc0 method=sun.nio.cs.StreamDecoder.implRead([CII)I @ 197
Event: 1.882 Thread 0x000001c2722a2000 Uncommon trap: reason=unstable_if action=reinterpret pc=0x000001c2002bfc0c method=java.util.HashMap.getNode(ILjava/lang/Object;)Ljava/util/HashMap$Node; @ 129
Event: 1.882 Thread 0x000001c2722a2000 Uncommon trap: reason=unstable_if action=reinterpret pc=0x000001c2002b77c8 method=java.util.HashMap.getNode(ILjava/lang/Object;)Ljava/util/HashMap$Node; @ 129
Event: 1.972 Thread 0x000001c2722a2000 Uncommon trap: reason=unstable_if action=reinterpret pc=0x000001c200385ef4 method=java.lang.String.lastIndexOf([CII[CIII)I @ 118

Classes redefined (0 events):
No events

Internal exceptions (9 events):
Event: 0.019 Thread 0x000001c2722a2000 Exception <a 'java/lang/NoSuchMethodError': Method sun.misc.Unsafe.defineClass(Ljava/lang/String;[BII)Ljava/lang/Class; name or signature does not match> (0x00000000f5588288) thrown at [C:\wsjdk\Corretto8Src\installers\windows\zip\corretto-build\buildRoot
Event: 0.019 Thread 0x000001c2722a2000 Exception <a 'java/lang/NoSuchMethodError': Method sun.misc.Unsafe.prefetchRead(Ljava/lang/Object;J)V name or signature does not match> (0x00000000f5588570) thrown at [C:\wsjdk\Corretto8Src\installers\windows\zip\corretto-build\buildRoot\src\hotspot\src\s
Event: 0.075 Thread 0x000001c2722a2000 Exception <a 'java/util/zip/ZipException'> (0x00000000f5671eb8) thrown at [C:\wsjdk\Corretto8Src\installers\windows\zip\corretto-build\buildRoot\src\hotspot\src\share\vm\prims\jni.cpp, line 711]
Event: 0.075 Thread 0x000001c2722a2000 Exception <a 'java/security/PrivilegedActionException'> (0x00000000f56725f8) thrown at [C:\wsjdk\Corretto8Src\installers\windows\zip\corretto-build\buildRoot\src\hotspot\src\share\vm\prims\jvm.cpp, line 1524]
Event: 0.075 Thread 0x000001c2722a2000 Exception <a 'java/security/PrivilegedActionException'> (0x00000000f5672808) thrown at [C:\wsjdk\Corretto8Src\installers\windows\zip\corretto-build\buildRoot\src\hotspot\src\share\vm\prims\jvm.cpp, line 1524]
Event: 1.115 Thread 0x000001c2760ae800 Exception <a 'java/security/PrivilegedActionException'> (0x00000000f5b34ee0) thrown at [C:\wsjdk\Corretto8Src\installers\windows\zip\corretto-build\buildRoot\src\hotspot\src\share\vm\prims\jvm.cpp, line 1524]
Event: 1.115 Thread 0x000001c2760ae800 Exception <a 'java/security/PrivilegedActionException'> (0x00000000f5b352d8) thrown at [C:\wsjdk\Corretto8Src\installers\windows\zip\corretto-build\buildRoot\src\hotspot\src\share\vm\prims\jvm.cpp, line 1524]
Event: 1.115 Thread 0x000001c2760ae800 Exception <a 'java/security/PrivilegedActionException'> (0x00000000f5b38578) thrown at [C:\wsjdk\Corretto8Src\installers\windows\zip\corretto-build\buildRoot\src\hotspot\src\share\vm\prims\jvm.cpp, line 1524]
Event: 1.115 Thread 0x000001c2760ae800 Exception <a 'java/security/PrivilegedActionException'> (0x00000000f5b38970) thrown at [C:\wsjdk\Corretto8Src\installers\windows\zip\corretto-build\buildRoot\src\hotspot\src\share\vm\prims\jvm.cpp, line 1524]

Events (10 events):
Event: 2.154 loading class com/google/inject/internal/ScopeBindingProcessor
Event: 2.154 loading class com/google/inject/internal/ScopeBindingProcessor done
Event: 2.156 loading class com/google/inject/internal/InjectorShell
Event: 2.156 loading class com/google/inject/internal/InjectorShell done
Event: 2.157 loading class com/google/inject/internal/ConstantFactory
Event: 2.157 loading class com/google/inject/internal/ConstantFactory done
Event: 2.157 loading class com/google/inject/internal/Initializables
Event: 2.157 loading class com/google/inject/internal/Initializables done
Event: 2.157 loading class com/google/inject/internal/Initializables$1
Event: 2.157 loading class com/google/inject/internal/Initializables$1 done


Dynamic libraries:
0x00007ff7f8a70000 - 0x00007ff7f8aaa000 	C:\Users\guico\.jdks\corretto-1.8.0_322\bin\java.exe
0x00007fff2c2f0000 - 0x00007fff2c4e5000 	C:\WINDOWS\SYSTEM32\ntdll.dll
0x00007fff2a9d0000 - 0x00007fff2aa8d000 	C:\WINDOWS\System32\KERNEL32.DLL
0x00007fff29f00000 - 0x00007fff2a1cd000 	C:\WINDOWS\System32\KERNELBASE.dll
0x00007fff2a4c0000 - 0x00007fff2a56e000 	C:\WINDOWS\System32\ADVAPI32.dll
0x00007fff2a340000 - 0x00007fff2a3de000 	C:\WINDOWS\System32\msvcrt.dll
0x00007fff2a8d0000 - 0x00007fff2a96c000 	C:\WINDOWS\System32\sechost.dll
0x00007fff2a770000 - 0x00007fff2a895000 	C:\WINDOWS\System32\RPCRT4.dll
0x00007fff2adf0000 - 0x00007fff2af90000 	C:\WINDOWS\System32\USER32.dll
0x00007fff29ed0000 - 0x00007fff29ef2000 	C:\WINDOWS\System32\win32u.dll
0x00007fff2a8a0000 - 0x00007fff2a8ca000 	C:\WINDOWS\System32\GDI32.dll
0x00007fff29a00000 - 0x00007fff29b0b000 	C:\WINDOWS\System32\gdi32full.dll
0x00007fff29c70000 - 0x00007fff29d0d000 	C:\WINDOWS\System32\msvcp_win.dll
0x00007fff29d10000 - 0x00007fff29e10000 	C:\WINDOWS\System32\ucrtbase.dll
0x00007fff12950000 - 0x00007fff12bea000 	C:\WINDOWS\WinSxS\amd64_microsoft.windows.common-controls_6595b64144ccf1df_6.0.19041.1110_none_60b5254171f9507e\COMCTL32.dll
0x00007fff2a3e0000 - 0x00007fff2a410000 	C:\WINDOWS\System32\IMM32.DLL
0x00007fff02d60000 - 0x00007fff02e4f000 	C:\Users\guico\.jdks\corretto-1.8.0_322\jre\bin\msvcr120.dll
0x00007fff03c40000 - 0x00007fff03ce6000 	C:\Users\guico\.jdks\corretto-1.8.0_322\jre\bin\msvcp120.dll
0x00000000740c0000 - 0x0000000074936000 	C:\Users\guico\.jdks\corretto-1.8.0_322\jre\bin\server\jvm.dll
0x00007fff2c290000 - 0x00007fff2c298000 	C:\WINDOWS\System32\PSAPI.DLL
0x00007ffeff460000 - 0x00007ffeff487000 	C:\WINDOWS\SYSTEM32\WINMM.dll
0x00007fff23370000 - 0x00007fff23379000 	C:\WINDOWS\SYSTEM32\WSOCK32.dll
0x00007fff1ed70000 - 0x00007fff1ed7a000 	C:\WINDOWS\SYSTEM32\VERSION.dll
0x00007fff2c120000 - 0x00007fff2c18b000 	C:\WINDOWS\System32\WS2_32.dll
0x00007fff23360000 - 0x00007fff2336f000 	C:\Users\guico\.jdks\corretto-1.8.0_322\jre\bin\verify.dll
0x00007fff16610000 - 0x00007fff16639000 	C:\Users\guico\.jdks\corretto-1.8.0_322\jre\bin\java.dll
0x00007fff03b40000 - 0x00007fff03b6a000 	C:\Users\guico\.jdks\corretto-1.8.0_322\jre\bin\instrument.dll
0x00007fff22090000 - 0x00007fff220a6000 	C:\Users\guico\.jdks\corretto-1.8.0_322\jre\bin\zip.dll
0x00007fff2b230000 - 0x00007fff2b974000 	C:\WINDOWS\System32\SHELL32.dll
0x00007fff27ae0000 - 0x00007fff28274000 	C:\WINDOWS\SYSTEM32\windows.storage.dll
0x00007fff2aa90000 - 0x00007fff2ade4000 	C:\WINDOWS\System32\combase.dll
0x00007fff29460000 - 0x00007fff2948c000 	C:\WINDOWS\SYSTEM32\Wldp.dll
0x00007fff2a410000 - 0x00007fff2a4bd000 	C:\WINDOWS\System32\SHCORE.dll
0x00007fff2a570000 - 0x00007fff2a5c5000 	C:\WINDOWS\System32\shlwapi.dll
0x00007fff29940000 - 0x00007fff2995f000 	C:\WINDOWS\SYSTEM32\profapi.dll
0x00007fff03b20000 - 0x00007fff03b3a000 	C:\Program Files\JetBrains\IntelliJ IDEA 2021.3.1\bin\breakgen64.dll
0x00007fff1f5f0000 - 0x00007fff1f60a000 	C:\Users\guico\.jdks\corretto-1.8.0_322\jre\bin\net.dll
0x00007ffef8330000 - 0x00007ffef860c000 	C:\Windows\Netease\Booster\lsp64.dll
0x00007fff29b10000 - 0x00007fff29c66000 	C:\WINDOWS\System32\CRYPT32.dll
0x00007fff277f0000 - 0x00007fff279d4000 	C:\WINDOWS\SYSTEM32\dbghelp.dll
0x00007fff28e60000 - 0x00007fff28e9b000 	C:\WINDOWS\SYSTEM32\IPHLPAPI.DLL
0x00007fff291c0000 - 0x00007fff2922a000 	C:\WINDOWS\system32\mswsock.dll
0x00007fff2a2d0000 - 0x00007fff2a338000 	C:\WINDOWS\System32\WINTRUST.DLL
0x00007fff295f0000 - 0x00007fff29602000 	C:\WINDOWS\SYSTEM32\MSASN1.dll
0x00007fff2c190000 - 0x00007fff2c1ad000 	C:\WINDOWS\System32\imagehlp.dll
0x00007fff293b0000 - 0x00007fff293c8000 	C:\WINDOWS\SYSTEM32\CRYPTSP.dll
0x00007fff28ad0000 - 0x00007fff28b04000 	C:\WINDOWS\system32\rsaenh.dll
0x00007fff29e10000 - 0x00007fff29e37000 	C:\WINDOWS\System32\bcrypt.dll
0x00007fff293d0000 - 0x00007fff293dc000 	C:\WINDOWS\SYSTEM32\CRYPTBASE.dll
0x00007fff29e40000 - 0x00007fff29ec2000 	C:\WINDOWS\System32\bcryptPrimitives.dll
0x00007fff298c0000 - 0x00007fff298ee000 	C:\WINDOWS\SYSTEM32\USERENV.dll
0x00007fff2c2a0000 - 0x00007fff2c2a8000 	C:\WINDOWS\System32\NSI.dll
0x00007fff1eca0000 - 0x00007fff1ecb7000 	C:\WINDOWS\SYSTEM32\dhcpcsvc6.DLL
0x00007fff1ed90000 - 0x00007fff1edad000 	C:\WINDOWS\SYSTEM32\dhcpcsvc.DLL
0x00007fff28eb0000 - 0x00007fff28f7b000 	C:\WINDOWS\SYSTEM32\DNSAPI.dll
0x00007fff1f5a0000 - 0x00007fff1f5b2000 	C:\Users\guico\.jdks\corretto-1.8.0_322\jre\bin\nio.dll
0x00007fff11a90000 - 0x00007fff11a9a000 	C:\Users\guico\AppData\Local\Temp\jansi-1.17.1-7750140038248258803.dll
0x00007fff11920000 - 0x00007fff1192a000 	C:\Users\guico\AppData\Local\Temp\jansi-1.17.1-8427809970218934063.dll

VM Arguments:
jvm_args: -Dmaven.multiModuleProjectDirectory=C:\Users\guico\IdeaProjects\ProjectFromLiming -Xms128m -Xmx512m -Duser.language=zh -Dfile.encoding=UTF-8 -Dmaven.home=C:\Program Files\JetBrains\IntelliJ IDEA 2021.3.1\plugins\maven\lib\maven3 -Dclassworlds.conf=C:\Program Files\JetBrains\IntelliJ IDEA 2021.3.1\plugins\maven\lib\maven3\bin\m2.conf -Dmaven.ext.class.path=C:\Program Files\JetBrains\IntelliJ IDEA 2021.3.1\plugins\maven\lib\maven-event-listener.jar -javaagent:C:\Program Files\JetBrains\IntelliJ IDEA 2021.3.1\lib\idea_rt.jar=51585:C:\Program Files\JetBrains\IntelliJ IDEA 2021.3.1\bin 
java_command: org.codehaus.classworlds.Launcher -Didea.version=2021.3.1 clean
java_class_path (initial): C:\Program Files\JetBrains\IntelliJ IDEA 2021.3.1\plugins\maven\lib\maven3\boot\plexus-classworlds-2.6.0.jar;C:\Program Files\JetBrains\IntelliJ IDEA 2021.3.1\plugins\maven\lib\maven3\boot\plexus-classworlds.license;C:\Program Files\JetBrains\IntelliJ IDEA 2021.3.1\lib\idea_rt.jar
Launcher Type: SUN_STANDARD

Environment Variables:
JAVA_HOME=C:\Users\guico\.jdks\openjdk-17.0.1
PATH=D:\bin\;C:\WINDOWS\system32;C:\WINDOWS;C:\WINDOWS\System32\Wbem;C:\WINDOWS\System32\WindowsPowerShell\v1.0\;C:\WINDOWS\System32\OpenSSH\;C:\Program Files\Bandizip\;D:\c\mingw64\bin;C:\Program Files\dotnet\;C:\Program Files\nodejs\;C:\Users\guico\.jdks\openjdk-17.0.1;D:\MavenLib\apache-maven-3.8.4\bin;C:\Program Files\NVIDIA Corporation\NVIDIA NvDLISR;C:\Program Files (x86)\Go\bin;C:\Program Files\Git\cmd;D:\Python3.9\python-3.9.13-embed-amd64;C:\Program Files\TortoiseSVN\bin;C:\Users\guico\AppData\Local\Programs\Python\Python39\Scripts\;C:\Users\guico\AppData\Local\Programs\Python\Python39\;C:\Users\guico\AppData\Local\Programs\Python\Python37-32\Scripts\;C:\Users\guico\AppData\Local\Programs\Python\Python37-32\;C:\Users\guico\AppData\Local\Microsoft\WindowsApps;C:\Users\guico\AppData\Local\Programs\Microsoft VS Code\bin;C:\Users\guico\PycharmProjects\clawer\venv\Scripts\pip3.7.exe;C:\Users\guico\.dotnet\tools;C:\Users\guico\AppData\Roaming\npm;D:\MavenLib\apache-maven-3.8.4\bin;C:\Users\guico\.jdks\openjdk-17.0.1\bin;C:\Users\guico\go\bin;C:\Program Files\JetBrains\GoLand 2021.3.4\bin;
USERNAME=guico
OS=Windows_NT
PROCESSOR_IDENTIFIER=Intel64 Family 6 Model 165 Stepping 2, GenuineIntel



---------------  S Y S T E M  ---------------

OS: Windows 10.0 , 64 bit Build 19041 (10.0.19041.1706)

CPU:total 12 (initial active 12) (6 cores per cpu, 2 threads per core) family 6 model 165 stepping 2, cmov, cx8, fxsr, mmx, sse, sse2, sse3, ssse3, sse4.1, sse4.2, popcnt, avx, avx2, aes, clmul, erms, 3dnowpref, lzcnt, ht, tsc, tscinvbit, bmi1, bmi2, adx

Memory: 4k page, physical 16533188k(8375540k free), swap 66864836k(5192k free)

vm_info: OpenJDK 64-Bit Server VM (25.322-b06) for windows-amd64 JRE (1.8.0_322-b06), built on Jan 13 2022 23:37:51 by "Administrator" with MS VC++ 12.0 (VS2013)

time: Fri Jun 03 17:14:48 2022
timezone: ?D1¨²¡À¨º¡Á?¨º¡À??
elapsed time: 2.162185 seconds (0d 0h 0m 2s)

